Round: 0
R 0 200 407 0 3
W dead
W 0 0 375 1 3
W 0 0 375 1 3
W 0 0 375 2 3
W 0 0 375 2 3
W 0 0 400 3 3
K 0 0 900 3 1
-----------END ROUND--------
Round: 1
R 0 200 407 0 3
W dead
W 0 0 350 1 3
W 0 0 350 1 3
W 0 0 350 2 3
W 0 0 350 2 3
W 0 0 400 3 3
K 0 0 900 3 1
-----------END ROUND--------
Round: 2
R 0 200 407 0 3
W dead
W 0 0 325 1 3
W 0 0 325 1 3
W 0 0 325 2 3
W 0 0 325 2 3
W 0 0 400 3 3
K 0 0 900 3 1
-----------END ROUND--------
Round: 3
R 4 400 760 0 3
W dead
W dead
W 0 0 325 1 3
W 0 0 300 2 3
W 0 0 300 2 3
W 0 0 400 3 3
K 0 0 900 3 1
-----------END ROUND--------
Round: 4
R 4 400 760 0 3
W dead
W dead
W 0 0 325 1 3
W 0 0 300 2 3
W 0 0 275 3 3
W 0 0 375 3 3
K 0 0 900 3 1
-----------END ROUND--------
Round: 5
R 4 400 760 0 3
W dead
W dead
W 0 0 325 1 3
W 0 0 300 2 3
W 0 0 250 3 3
W 0 0 350 3 3
K 0 0 900 3 1
-----------END ROUND--------
Round: 6
R 4 400 760 0 3
W dead
W dead
W 0 0 325 1 3
W 0 0 300 2 3
W 0 0 225 3 3
W 0 0 325 3 3
K 0 0 900 3 1
-----------END ROUND--------
Round: 7
R 4 400 760 0 3
W dead
W dead
W 0 0 325 1 3
W 0 0 300 2 3
W 0 0 200 3 3
W 0 0 300 3 3
K 0 0 900 3 1
-----------END ROUND--------
Round: 8
R 4 400 760 0 3
W dead
W dead
W 0 0 325 1 3
W 0 0 300 2 3
W 0 0 175 3 3
W 0 0 275 3 3
K 0 0 900 3 1
-----------END ROUND--------
Round: 9
R 4 400 760 0 3
W dead
W dead
W 0 0 325 1 3
W 0 0 300 2 3
W 0 0 150 3 3
W 0 0 250 3 3
K 0 0 900 3 1
-----------END ROUND--------
Round: 10
R 4 400 760 0 3
W dead
W dead
W 0 0 325 1 3
W 0 0 300 2 3
W 0 0 150 3 3
W dead
K 0 200 688 3 2
-----------END ROUND--------
Round: 11
R 4 400 760 0 3
W dead
W dead
W 0 0 325 1 3
W 0 0 275 3 3
W 0 0 125 3 3
W dead
K 0 200 688 3 2
-----------END ROUND--------
Round: 12
R 4 400 760 0 3
W dead
W dead
W 0 0 325 1 3
W 0 0 250 3 3
W 0 0 100 3 3
W dead
K 0 200 688 3 2
-----------END ROUND--------
Round: 13
R 4 400 760 0 3
W dead
W dead
W 0 0 325 1 3
W 0 0 225 3 3
W 0 0 79 3 3
W dead
K 0 200 688 3 2
-----------END ROUND--------
Round: 14
R 4 400 760 0 3
W dead
W dead
W 0 0 325 1 3
W 0 0 200 3 3
W 0 0 62 3 3
W dead
K 0 200 688 3 2
-----------END ROUND--------
Round: 15
R 4 400 760 0 3
W dead
W dead
W 0 0 325 1 3
W 0 0 200 3 3
W dead
W dead
K 4 400 1220 3 2
-----------END ROUND--------
R 4 400 760 0 3
W dead
W dead
W 0 0 325 1 3
W 0 0 200 3 3
W dead
W dead
K 4 400 1220 3 2
